INFO 2025-11-06 09:52:48,549 This is first Log
INFO 2025-11-06 09:52:48,549 <QuerySet [<Category: Fashion>, <Category: Bike Accessories>, <Category: Home Decorations>, <Category: Electronic Gadgets>]>
INFO 2025-11-06 09:56:20,395 This is first Log
INFO 2025-11-06 09:56:20,395 <QuerySet [<Category: Bike Accessories>, <Category: Fashion>, <Category: Electronic Gadgets>, <Category: Home Decorations>]>
INFO 2025-11-06 09:56:36,576 This is first Log
INFO 2025-11-06 09:56:36,576 <QuerySet [<Category: Home Decorations>, <Category: Bike Accessories>, <Category: Fashion>, <Category: Electronic Gadgets>]>
INFO 2025-11-18 11:01:31,413 This is first Log
INFO 2025-11-18 11:01:31,413 <QuerySet [<Category: Home Decorations>, <Category: Bike Accessories>, <Category: Fashion>, <Category: Electronic Gadgets>]>
INFO 2025-11-18 11:02:36,940 This is first Log
INFO 2025-11-18 11:02:36,941 <QuerySet [<Category: Electronic Gadgets>, <Category: Fashion>, <Category: Bike Accessories>, <Category: Home Decorations>]>
INFO 2025-11-18 11:02:46,417 This is first Log
INFO 2025-11-18 11:02:46,418 <QuerySet [<Category: Home Decorations>, <Category: Electronic Gadgets>, <Category: Fashion>, <Category: Bike Accessories>]>
INFO 2025-11-18 11:25:39,409 This is first Log
INFO 2025-11-18 11:25:39,420 <QuerySet [<Category: Home Decorations>, <Category: Electronic Gadgets>, <Category: Bike Accessories>, <Category: Fashion>]>
INFO 2025-11-18 11:25:59,292 This is first Log
INFO 2025-11-18 11:25:59,292 <QuerySet [<Category: Fashion>, <Category: Home Decorations>, <Category: Electronic Gadgets>, <Category: Bike Accessories>]>
INFO 2025-11-19 10:21:06,478 This is first Log
INFO 2025-11-19 10:21:06,478 <QuerySet [<Category: Bike Accessories>, <Category: Fashion>, <Category: Home Decorations>, <Category: Electronic Gadgets>]>
INFO 2025-11-19 10:21:07,967 This is first Log
INFO 2025-11-19 10:21:07,967 <QuerySet [<Category: Home Decorations>, <Category: Electronic Gadgets>, <Category: Fashion>, <Category: Bike Accessories>]>
INFO 2025-11-19 10:21:38,439 This is first Log
INFO 2025-11-19 10:21:38,440 <QuerySet [<Category: Fashion>, <Category: Home Decorations>, <Category: Electronic Gadgets>, <Category: Bike Accessories>]>
INFO 2025-11-19 10:32:51,638 This is first Log
INFO 2025-11-19 10:32:51,639 <QuerySet [<Category: Electronic Gadgets>, <Category: Home Decorations>, <Category: Fashion>, <Category: Bike Accessories>]>
INFO 2025-11-19 10:33:12,544 This is first Log
INFO 2025-11-19 10:33:12,544 <QuerySet [<Category: Fashion>, <Category: Home Decorations>, <Category: Electronic Gadgets>, <Category: Bike Accessories>]>
INFO 2025-11-19 10:35:55,233 This is first Log
INFO 2025-11-19 10:35:55,233 <QuerySet [<Category: Bike Accessories>, <Category: Electronic Gadgets>, <Category: Fashion>, <Category: Home Decorations>]>
INFO 2025-11-19 10:42:33,729 This is first Log
INFO 2025-11-19 10:42:33,729 <QuerySet [<Category: Electronic Gadgets>, <Category: Fashion>, <Category: Home Decorations>, <Category: Bike Accessories>]>
INFO 2025-11-19 10:49:12,671 This is first Log
INFO 2025-11-19 10:49:12,671 <QuerySet [<Category: Fashion>, <Category: Bike Accessories>, <Category: Home Decorations>, <Category: Electronic Gadgets>]>
INFO 2025-11-19 10:49:40,557 This is first Log
INFO 2025-11-19 10:49:40,557 <QuerySet [<Category: Electronic Gadgets>, <Category: Fashion>, <Category: Bike Accessories>, <Category: Home Decorations>]>
INFO 2025-11-19 10:50:25,388 This is first Log
INFO 2025-11-19 10:50:25,389 <QuerySet [<Category: Home Decorations>, <Category: Fashion>, <Category: Electronic Gadgets>, <Category: Bike Accessories>]>
INFO 2025-11-19 10:50:58,354 This is first Log
INFO 2025-11-19 10:50:58,354 <QuerySet [<Category: Home Decorations>, <Category: Fashion>, <Category: Bike Accessories>, <Category: Electronic Gadgets>]>
INFO 2025-11-19 10:51:42,456 This is first Log
INFO 2025-11-19 10:51:42,457 <QuerySet [<Category: Home Decorations>, <Category: Electronic Gadgets>, <Category: Fashion>, <Category: Bike Accessories>]>
INFO 2025-11-19 10:52:10,798 This is first Log
INFO 2025-11-19 10:52:10,798 <QuerySet [<Category: Bike Accessories>, <Category: Electronic Gadgets>, <Category: Home Decorations>, <Category: Fashion>]>
INFO 2025-11-19 10:52:22,877 This is first Log
INFO 2025-11-19 10:52:22,878 <QuerySet [<Category: Electronic Gadgets>, <Category: Bike Accessories>, <Category: Home Decorations>, <Category: Fashion>]>
INFO 2025-11-19 10:53:00,574 This is first Log
INFO 2025-11-19 10:53:00,575 <QuerySet [<Category: Home Decorations>, <Category: Bike Accessories>, <Category: Fashion>, <Category: Electronic Gadgets>]>
INFO 2025-11-19 10:53:11,165 This is first Log
INFO 2025-11-19 10:53:11,166 <QuerySet [<Category: Bike Accessories>, <Category: Home Decorations>, <Category: Electronic Gadgets>, <Category: Fashion>]>
INFO 2025-11-19 10:54:00,606 This is first Log
INFO 2025-11-19 10:54:00,606 <QuerySet [<Category: Electronic Gadgets>, <Category: Home Decorations>, <Category: Fashion>, <Category: Bike Accessories>]>
INFO 2025-11-19 10:54:36,161 This is first Log
INFO 2025-11-19 10:54:36,161 <QuerySet [<Category: Home Decorations>, <Category: Bike Accessories>, <Category: Electronic Gadgets>, <Category: Fashion>]>
INFO 2025-11-19 10:54:47,874 This is first Log
INFO 2025-11-19 10:54:47,874 <QuerySet [<Category: Fashion>, <Category: Bike Accessories>, <Category: Home Decorations>, <Category: Electronic Gadgets>]>
INFO 2025-11-19 10:54:56,822 This is first Log
INFO 2025-11-19 10:54:56,822 <QuerySet [<Category: Electronic Gadgets>, <Category: Home Decorations>, <Category: Bike Accessories>, <Category: Fashion>]>
INFO 2025-11-19 10:56:05,084 This is first Log
INFO 2025-11-19 10:56:05,085 <QuerySet [<Category: Electronic Gadgets>, <Category: Fashion>, <Category: Home Decorations>, <Category: Bike Accessories>]>
INFO 2025-11-19 10:56:30,127 This is first Log
INFO 2025-11-19 10:56:30,128 <QuerySet [<Category: Fashion>, <Category: Bike Accessories>, <Category: Electronic Gadgets>, <Category: Home Decorations>]>
INFO 2025-11-19 10:56:45,219 This is first Log
INFO 2025-11-19 10:56:45,219 <QuerySet [<Category: Home Decorations>, <Category: Electronic Gadgets>, <Category: Fashion>, <Category: Bike Accessories>]>
INFO 2025-11-19 10:56:52,742 This is first Log
INFO 2025-11-19 10:56:52,743 <QuerySet [<Category: Home Decorations>, <Category: Electronic Gadgets>, <Category: Bike Accessories>, <Category: Fashion>]>
INFO 2025-11-19 10:57:33,491 This is first Log
INFO 2025-11-19 10:57:33,491 <QuerySet [<Category: Home Decorations>, <Category: Electronic Gadgets>, <Category: Bike Accessories>, <Category: Fashion>]>
INFO 2025-11-19 10:58:10,589 This is first Log
INFO 2025-11-19 10:58:10,589 <QuerySet [<Category: Fashion>, <Category: Home Decorations>, <Category: Bike Accessories>, <Category: Electronic Gadgets>]>
INFO 2025-11-19 10:59:12,309 This is first Log
INFO 2025-11-19 10:59:12,310 <QuerySet [<Category: Bike Accessories>, <Category: Electronic Gadgets>, <Category: Fashion>, <Category: Home Decorations>]>
INFO 2025-11-19 10:59:42,424 This is first Log
INFO 2025-11-19 10:59:42,425 <QuerySet [<Category: Fashion>, <Category: Home Decorations>, <Category: Electronic Gadgets>, <Category: Bike Accessories>]>
INFO 2025-11-19 11:01:50,157 This is first Log
INFO 2025-11-19 11:01:50,157 <QuerySet [<Category: Bike Accessories>, <Category: Electronic Gadgets>, <Category: Home Decorations>, <Category: Fashion>]>
INFO 2025-11-19 11:02:44,737 This is first Log
INFO 2025-11-19 11:02:44,737 <QuerySet [<Category: Home Decorations>, <Category: Bike Accessories>, <Category: Electronic Gadgets>, <Category: Fashion>]>
INFO 2025-11-19 11:04:38,402 This is first Log
INFO 2025-11-19 11:04:38,403 <QuerySet [<Category: Fashion>, <Category: Home Decorations>, <Category: Bike Accessories>, <Category: Electronic Gadgets>]>
INFO 2025-11-19 11:05:00,641 This is first Log
INFO 2025-11-19 11:05:00,641 <QuerySet [<Category: Bike Accessories>, <Category: Home Decorations>, <Category: Fashion>, <Category: Electronic Gadgets>]>
INFO 2025-11-19 11:05:43,873 This is first Log
INFO 2025-11-19 11:05:43,874 <QuerySet [<Category: Fashion>, <Category: Home Decorations>, <Category: Bike Accessories>, <Category: Electronic Gadgets>]>
INFO 2025-11-19 11:45:34,945 This is first Log
INFO 2025-11-19 11:45:34,950 <QuerySet [<Category: Electronic Gadgets>, <Category: Bike Accessories>, <Category: Home Decorations>, <Category: Fashion>]>
INFO 2025-11-19 12:00:43,094 This is first Log
INFO 2025-11-19 12:00:43,095 <QuerySet [<Category: Bike Accessories>, <Category: Electronic Gadgets>, <Category: Home Decorations>, <Category: Fashion>]>
INFO 2025-11-19 12:00:54,455 This is first Log
INFO 2025-11-19 12:00:54,455 <QuerySet [<Category: Fashion>, <Category: Home Decorations>, <Category: Bike Accessories>, <Category: Electronic Gadgets>]>
INFO 2025-11-19 12:02:56,822 This is first Log
INFO 2025-11-19 12:02:56,823 <QuerySet [<Category: Electronic Gadgets>, <Category: Bike Accessories>, <Category: Home Decorations>, <Category: Fashion>]>
INFO 2025-11-19 12:05:23,421 This is first Log
INFO 2025-11-19 12:05:23,422 <QuerySet [<Category: Fashion>, <Category: Electronic Gadgets>, <Category: Home Decorations>, <Category: Bike Accessories>]>
INFO 2025-11-19 12:05:38,828 This is first Log
INFO 2025-11-19 12:05:38,828 <QuerySet [<Category: Bike Accessories>, <Category: Electronic Gadgets>, <Category: Fashion>, <Category: Home Decorations>]>
INFO 2025-11-19 12:05:55,553 This is first Log
INFO 2025-11-19 12:05:55,553 <QuerySet [<Category: Fashion>, <Category: Home Decorations>, <Category: Bike Accessories>, <Category: Electronic Gadgets>]>
INFO 2025-11-19 12:06:11,762 This is first Log
INFO 2025-11-19 12:06:11,763 <QuerySet [<Category: Fashion>, <Category: Home Decorations>, <Category: Electronic Gadgets>, <Category: Bike Accessories>]>
INFO 2025-11-19 12:07:39,053 This is first Log
INFO 2025-11-19 12:07:39,053 <QuerySet [<Category: Home Decorations>, <Category: Fashion>, <Category: Electronic Gadgets>, <Category: Bike Accessories>]>
INFO 2025-11-19 12:09:22,995 This is first Log
INFO 2025-11-19 12:09:22,996 <QuerySet [<Category: Electronic Gadgets>, <Category: Home Decorations>, <Category: Fashion>, <Category: Bike Accessories>]>
INFO 2025-11-19 12:09:59,491 This is first Log
INFO 2025-11-19 12:09:59,493 <QuerySet [<Category: Electronic Gadgets>, <Category: Home Decorations>, <Category: Bike Accessories>, <Category: Fashion>]>
INFO 2025-11-19 12:11:34,822 This is first Log
INFO 2025-11-19 12:11:34,822 <QuerySet [<Category: Home Decorations>, <Category: Bike Accessories>, <Category: Electronic Gadgets>, <Category: Fashion>]>
INFO 2025-11-19 12:13:04,074 This is first Log
INFO 2025-11-19 12:13:04,075 <QuerySet [<Category: Electronic Gadgets>, <Category: Home Decorations>, <Category: Fashion>, <Category: Bike Accessories>]>
INFO 2025-11-19 12:23:41,136 This is first Log
INFO 2025-11-19 12:23:41,136 <QuerySet [<Category: Fashion>, <Category: Home Decorations>, <Category: Electronic Gadgets>, <Category: Bike Accessories>]>
INFO 2025-11-19 12:25:26,586 This is first Log
INFO 2025-11-19 12:25:26,587 <QuerySet [<Category: Home Decorations>, <Category: Electronic Gadgets>, <Category: Fashion>, <Category: Bike Accessories>]>
INFO 2025-11-19 12:25:42,931 This is first Log
INFO 2025-11-19 12:25:42,931 <QuerySet [<Category: Electronic Gadgets>, <Category: Home Decorations>, <Category: Fashion>, <Category: Bike Accessories>]>
INFO 2025-11-19 12:26:04,227 This is first Log
INFO 2025-11-19 12:26:04,228 <QuerySet [<Category: Home Decorations>, <Category: Bike Accessories>, <Category: Fashion>, <Category: Electronic Gadgets>]>
INFO 2025-11-19 12:38:21,839 This is first Log
INFO 2025-11-19 12:38:21,839 <QuerySet [<Category: Fashion>, <Category: Bike Accessories>, <Category: Home Decorations>, <Category: Electronic Gadgets>]>
INFO 2025-11-19 12:38:30,241 This is first Log
INFO 2025-11-19 12:38:30,241 <QuerySet [<Category: Home Decorations>, <Category: Bike Accessories>, <Category: Electronic Gadgets>, <Category: Fashion>]>
INFO 2025-11-19 12:43:34,698 This is first Log
INFO 2025-11-19 12:43:34,698 <QuerySet [<Category: Bike Accessories>, <Category: Fashion>, <Category: Electronic Gadgets>, <Category: Home Decorations>]>
INFO 2025-11-19 12:43:44,566 This is first Log
INFO 2025-11-19 12:43:44,566 <QuerySet [<Category: Home Decorations>, <Category: Bike Accessories>, <Category: Electronic Gadgets>, <Category: Fashion>]>
INFO 2025-11-19 12:44:54,298 This is first Log
INFO 2025-11-19 12:44:54,299 <QuerySet [<Category: Bike Accessories>, <Category: Home Decorations>, <Category: Electronic Gadgets>, <Category: Fashion>]>
INFO 2025-11-19 12:46:13,243 This is first Log
INFO 2025-11-19 12:46:13,243 <QuerySet [<Category: Fashion>, <Category: Home Decorations>, <Category: Bike Accessories>, <Category: Electronic Gadgets>]>
INFO 2025-11-19 12:47:07,884 This is first Log
INFO 2025-11-19 12:47:07,884 <QuerySet [<Category: Bike Accessories>, <Category: Home Decorations>, <Category: Electronic Gadgets>, <Category: Fashion>]>
INFO 2025-11-19 12:47:20,434 This is first Log
INFO 2025-11-19 12:47:20,434 <QuerySet [<Category: Fashion>, <Category: Bike Accessories>, <Category: Electronic Gadgets>, <Category: Home Decorations>]>
INFO 2025-11-19 12:47:38,455 This is first Log
INFO 2025-11-19 12:47:38,456 <QuerySet [<Category: Bike Accessories>, <Category: Electronic Gadgets>, <Category: Home Decorations>, <Category: Fashion>]>
INFO 2025-11-21 22:52:56,192 This is first Log
INFO 2025-11-21 22:52:56,192 <QuerySet [<Category: Home Decorations>, <Category: Electronic Gadgets>, <Category: Fashion>, <Category: Bike Accessories>]>
INFO 2025-11-21 22:53:03,643 This is first Log
INFO 2025-11-21 22:53:03,644 <QuerySet [<Category: Electronic Gadgets>, <Category: Fashion>, <Category: Home Decorations>, <Category: Bike Accessories>]>
INFO 2025-11-21 22:53:39,059 This is first Log
INFO 2025-11-21 22:53:39,060 <QuerySet [<Category: Electronic Gadgets>, <Category: Fashion>, <Category: Bike Accessories>, <Category: Home Decorations>]>
INFO 2025-11-21 22:55:03,415 This is first Log
INFO 2025-11-21 22:55:03,415 <QuerySet [<Category: Bike Accessories>, <Category: Electronic Gadgets>, <Category: Fashion>, <Category: Home Decorations>]>
INFO 2025-11-21 22:55:08,581 This is first Log
INFO 2025-11-21 22:55:08,582 <QuerySet [<Category: Bike Accessories>, <Category: Fashion>, <Category: Electronic Gadgets>, <Category: Home Decorations>]>
INFO 2025-11-21 23:00:24,412 This is first Log
INFO 2025-11-21 23:00:24,413 <QuerySet [<Category: Fashion>, <Category: Bike Accessories>, <Category: Electronic Gadgets>, <Category: Home Decorations>]>
INFO 2025-11-21 23:02:17,468 This is first Log
INFO 2025-11-21 23:02:17,469 <QuerySet [<Category: Bike Accessories>, <Category: Fashion>, <Category: Home Decorations>, <Category: Electronic Gadgets>]>
INFO 2025-11-21 23:05:09,576 This is first Log
INFO 2025-11-21 23:05:09,577 <QuerySet [<Category: Fashion>, <Category: Bike Accessories>, <Category: Home Decorations>, <Category: Electronic Gadgets>]>
INFO 2025-11-21 23:05:32,608 This is first Log
INFO 2025-11-21 23:05:32,608 <QuerySet [<Category: Fashion>, <Category: Electronic Gadgets>, <Category: Home Decorations>, <Category: Bike Accessories>]>
INFO 2025-11-21 23:19:42,693 This is first Log
INFO 2025-11-21 23:19:42,695 <QuerySet [<Category: Bike Accessories>, <Category: Fashion>, <Category: Electronic Gadgets>, <Category: Home Decorations>]>
INFO 2025-11-21 23:20:38,786 This is first Log
INFO 2025-11-21 23:20:38,787 <QuerySet [<Category: Fashion>, <Category: Electronic Gadgets>, <Category: Home Decorations>, <Category: Bike Accessories>]>
INFO 2025-11-21 23:21:04,648 This is first Log
INFO 2025-11-21 23:21:04,649 <QuerySet [<Category: Electronic Gadgets>, <Category: Fashion>, <Category: Home Decorations>, <Category: Bike Accessories>]>
INFO 2025-11-21 23:22:26,893 This is first Log
INFO 2025-11-21 23:22:26,894 <QuerySet [<Category: Home Decorations>, <Category: Electronic Gadgets>, <Category: Fashion>, <Category: Bike Accessories>]>
INFO 2025-11-21 23:22:36,081 This is first Log
INFO 2025-11-21 23:22:36,081 <QuerySet [<Category: Electronic Gadgets>, <Category: Fashion>, <Category: Bike Accessories>, <Category: Home Decorations>]>
INFO 2025-11-21 23:22:42,871 This is first Log
INFO 2025-11-21 23:22:42,872 <QuerySet [<Category: Home Decorations>, <Category: Bike Accessories>, <Category: Fashion>, <Category: Electronic Gadgets>]>
INFO 2025-11-21 23:22:55,592 This is first Log
INFO 2025-11-21 23:22:55,593 <QuerySet [<Category: Home Decorations>, <Category: Fashion>, <Category: Bike Accessories>, <Category: Electronic Gadgets>]>
INFO 2025-11-21 23:23:06,610 This is first Log
INFO 2025-11-21 23:23:06,610 <QuerySet [<Category: Electronic Gadgets>, <Category: Home Decorations>, <Category: Bike Accessories>, <Category: Fashion>]>
INFO 2025-11-21 23:23:51,126 This is first Log
INFO 2025-11-21 23:23:51,127 <QuerySet [<Category: Electronic Gadgets>, <Category: Fashion>, <Category: Home Decorations>, <Category: Bike Accessories>]>
INFO 2025-11-21 23:24:05,695 This is first Log
INFO 2025-11-21 23:24:05,696 <QuerySet [<Category: Bike Accessories>, <Category: Electronic Gadgets>, <Category: Fashion>, <Category: Home Decorations>]>
INFO 2025-11-21 23:24:25,501 This is first Log
INFO 2025-11-21 23:24:25,501 <QuerySet [<Category: Electronic Gadgets>, <Category: Fashion>, <Category: Bike Accessories>, <Category: Home Decorations>]>
INFO 2025-11-22 00:05:15,186 This is first Log
INFO 2025-11-22 00:05:15,187 <QuerySet [<Category: Electronic Gadgets>, <Category: Fashion>, <Category: Home Decorations>, <Category: Bike Accessories>]>
INFO 2025-11-22 00:05:23,818 This is first Log
INFO 2025-11-22 00:05:23,819 <QuerySet [<Category: Home Decorations>, <Category: Fashion>, <Category: Electronic Gadgets>, <Category: Bike Accessories>]>
INFO 2025-11-22 00:07:06,084 This is first Log
INFO 2025-11-22 00:07:06,084 <QuerySet [<Category: Electronic Gadgets>, <Category: Fashion>, <Category: Home Decorations>, <Category: Bike Accessories>]>
INFO 2025-11-22 00:07:06,218 This is first Log
INFO 2025-11-22 00:07:06,218 <QuerySet [<Category: Fashion>, <Category: Home Decorations>, <Category: Electronic Gadgets>, <Category: Bike Accessories>]>
INFO 2025-11-22 00:07:17,392 This is first Log
INFO 2025-11-22 00:07:17,393 <QuerySet [<Category: Electronic Gadgets>, <Category: Bike Accessories>, <Category: Fashion>, <Category: Home Decorations>]>
INFO 2025-11-22 00:10:56,359 This is first Log
INFO 2025-11-22 00:10:56,360 <QuerySet [<Category: Electronic Gadgets>, <Category: Bike Accessories>, <Category: Fashion>, <Category: Home Decorations>]>
INFO 2025-11-22 00:16:22,057 This is first Log
INFO 2025-11-22 00:16:22,057 <QuerySet [<Category: Bike Accessories>, <Category: Fashion>, <Category: Home Decorations>, <Category: Electronic Gadgets>]>
INFO 2025-11-22 00:22:35,175 This is first Log
INFO 2025-11-22 00:22:35,179 <QuerySet [<Category: Fashion>, <Category: Home Decorations>, <Category: Bike Accessories>, <Category: Electronic Gadgets>]>
INFO 2025-11-22 00:22:36,606 This is first Log
INFO 2025-11-22 00:22:36,607 <QuerySet [<Category: Electronic Gadgets>, <Category: Home Decorations>, <Category: Fashion>, <Category: Bike Accessories>]>
INFO 2025-11-22 00:31:34,027 This is first Log
INFO 2025-11-22 00:31:34,028 <QuerySet [<Category: Electronic Gadgets>, <Category: Bike Accessories>, <Category: Fashion>, <Category: Home Decorations>]>
INFO 2025-11-22 11:58:09,671 This is first Log
INFO 2025-11-22 11:58:09,672 <QuerySet [<Category: Home Decorations>, <Category: Electronic Gadgets>, <Category: Fashion>, <Category: Bike Accessories>]>
INFO 2025-11-22 12:01:27,581 This is first Log
INFO 2025-11-22 12:01:27,581 <QuerySet [<Category: Bike Accessories>, <Category: Fashion>, <Category: Electronic Gadgets>, <Category: Home Decorations>]>
INFO 2025-11-22 12:01:31,339 This is first Log
INFO 2025-11-22 12:01:31,339 <QuerySet [<Category: Electronic Gadgets>, <Category: Home Decorations>, <Category: Fashion>, <Category: Bike Accessories>]>
INFO 2025-11-22 13:29:05,088 This is first Log
INFO 2025-11-22 13:29:05,093 <QuerySet [<Category: Electronic Gadgets>, <Category: Fashion>, <Category: Bike Accessories>, <Category: Home Decorations>]>
INFO 2025-11-22 15:47:57,945 This is first Log
INFO 2025-11-22 15:47:57,949 <QuerySet [<Category: Bike Accessories>, <Category: Electronic Gadgets>, <Category: Home Decorations>, <Category: Fashion>]>
INFO 2025-11-22 15:48:21,116 This is first Log
INFO 2025-11-22 15:48:21,117 <QuerySet [<Category: Electronic Gadgets>, <Category: Fashion>, <Category: Home Decorations>, <Category: Bike Accessories>]>
INFO 2025-11-22 15:48:46,001 This is first Log
INFO 2025-11-22 15:48:46,002 <QuerySet [<Category: Home Decorations>, <Category: Electronic Gadgets>, <Category: Bike Accessories>, <Category: Fashion>]>
INFO 2025-11-22 15:49:53,976 This is first Log
INFO 2025-11-22 15:49:53,977 <QuerySet [<Category: Electronic Gadgets>, <Category: Fashion>, <Category: Home Decorations>, <Category: Bike Accessories>]>
INFO 2025-11-22 15:50:02,981 This is first Log
INFO 2025-11-22 15:50:02,981 <QuerySet [<Category: Bike Accessories>, <Category: Electronic Gadgets>, <Category: Fashion>, <Category: Home Decorations>]>
INFO 2025-11-22 15:50:22,301 This is first Log
INFO 2025-11-22 15:50:22,302 <QuerySet [<Category: Home Decorations>, <Category: Bike Accessories>, <Category: Electronic Gadgets>, <Category: Fashion>]>
INFO 2025-11-22 15:50:33,642 This is first Log
INFO 2025-11-22 15:50:33,643 <QuerySet [<Category: Home Decorations>, <Category: Fashion>, <Category: Electronic Gadgets>, <Category: Bike Accessories>]>
INFO 2025-11-22 15:51:14,412 This is first Log
INFO 2025-11-22 15:51:14,412 <QuerySet [<Category: Electronic Gadgets>, <Category: Home Decorations>, <Category: Fashion>, <Category: Bike Accessories>]>
INFO 2025-11-22 15:51:34,625 This is first Log
INFO 2025-11-22 15:51:34,626 <QuerySet [<Category: Bike Accessories>, <Category: Home Decorations>, <Category: Fashion>, <Category: Electronic Gadgets>]>
INFO 2025-11-22 15:51:48,719 This is first Log
INFO 2025-11-22 15:51:48,719 <QuerySet [<Category: Electronic Gadgets>, <Category: Home Decorations>, <Category: Fashion>, <Category: Bike Accessories>]>
INFO 2025-11-22 15:52:01,015 This is first Log
INFO 2025-11-22 15:52:01,015 <QuerySet [<Category: Home Decorations>, <Category: Bike Accessories>, <Category: Fashion>, <Category: Electronic Gadgets>]>
INFO 2025-11-22 15:52:19,461 This is first Log
INFO 2025-11-22 15:52:19,461 <QuerySet [<Category: Bike Accessories>, <Category: Fashion>, <Category: Home Decorations>, <Category: Electronic Gadgets>]>
INFO 2025-11-22 15:52:33,543 This is first Log
INFO 2025-11-22 15:52:33,543 <QuerySet [<Category: Bike Accessories>, <Category: Home Decorations>, <Category: Electronic Gadgets>, <Category: Fashion>]>
INFO 2025-11-22 15:53:52,304 This is first Log
INFO 2025-11-22 15:53:52,304 <QuerySet [<Category: Electronic Gadgets>, <Category: Home Decorations>, <Category: Fashion>, <Category: Bike Accessories>]>
INFO 2025-11-22 15:54:02,253 This is first Log
INFO 2025-11-22 15:54:02,253 <QuerySet [<Category: Bike Accessories>, <Category: Home Decorations>, <Category: Fashion>, <Category: Electronic Gadgets>]>
INFO 2025-11-22 15:56:34,993 This is first Log
INFO 2025-11-22 15:56:34,993 <QuerySet [<Category: Home Decorations>, <Category: Bike Accessories>, <Category: Electronic Gadgets>, <Category: Fashion>]>
INFO 2025-11-22 15:57:47,903 This is first Log
INFO 2025-11-22 15:57:47,904 <QuerySet [<Category: Electronic Gadgets>, <Category: Fashion>, <Category: Bike Accessories>, <Category: Home Decorations>]>
INFO 2025-11-22 15:58:46,982 This is first Log
INFO 2025-11-22 15:58:46,982 <QuerySet [<Category: Home Decorations>, <Category: Electronic Gadgets>, <Category: Bike Accessories>, <Category: Fashion>]>
INFO 2025-11-22 15:59:25,138 This is first Log
INFO 2025-11-22 15:59:25,138 <QuerySet [<Category: Electronic Gadgets>, <Category: Fashion>, <Category: Bike Accessories>, <Category: Home Decorations>]>
INFO 2025-11-22 16:01:17,907 This is first Log
INFO 2025-11-22 16:01:17,907 <QuerySet [<Category: Home Decorations>, <Category: Bike Accessories>, <Category: Fashion>, <Category: Electronic Gadgets>]>
INFO 2025-11-22 16:01:37,770 This is first Log
INFO 2025-11-22 16:01:37,771 <QuerySet [<Category: Electronic Gadgets>, <Category: Bike Accessories>, <Category: Home Decorations>, <Category: Fashion>]>
INFO 2025-11-22 16:02:17,354 This is first Log
INFO 2025-11-22 16:02:17,354 <QuerySet [<Category: Home Decorations>, <Category: Fashion>, <Category: Electronic Gadgets>, <Category: Bike Accessories>]>
INFO 2025-11-22 16:03:11,275 This is first Log
INFO 2025-11-22 16:03:11,276 <QuerySet [<Category: Bike Accessories>, <Category: Fashion>, <Category: Electronic Gadgets>, <Category: Home Decorations>]>
INFO 2025-11-22 16:04:39,166 This is first Log
INFO 2025-11-22 16:04:39,167 <QuerySet [<Category: Home Decorations>, <Category: Bike Accessories>, <Category: Fashion>, <Category: Electronic Gadgets>]>
INFO 2025-11-22 16:05:00,039 This is first Log
INFO 2025-11-22 16:05:00,039 <QuerySet [<Category: Electronic Gadgets>, <Category: Fashion>, <Category: Home Decorations>, <Category: Bike Accessories>]>
INFO 2025-11-22 16:06:58,950 This is first Log
INFO 2025-11-22 16:06:58,950 <QuerySet [<Category: Electronic Gadgets>, <Category: Home Decorations>, <Category: Fashion>, <Category: Bike Accessories>]>
INFO 2025-11-22 16:07:15,637 This is first Log
INFO 2025-11-22 16:07:15,637 <QuerySet [<Category: Bike Accessories>, <Category: Home Decorations>, <Category: Electronic Gadgets>, <Category: Fashion>]>
INFO 2025-11-22 16:07:37,252 This is first Log
INFO 2025-11-22 16:07:37,252 <QuerySet [<Category: Fashion>, <Category: Bike Accessories>, <Category: Electronic Gadgets>, <Category: Home Decorations>]>
INFO 2025-11-22 16:07:49,725 This is first Log
INFO 2025-11-22 16:07:49,726 <QuerySet [<Category: Bike Accessories>, <Category: Home Decorations>, <Category: Electronic Gadgets>, <Category: Fashion>]>
INFO 2025-11-22 16:08:19,238 This is first Log
INFO 2025-11-22 16:08:19,238 <QuerySet [<Category: Electronic Gadgets>, <Category: Bike Accessories>, <Category: Home Decorations>, <Category: Fashion>]>
INFO 2025-11-22 16:08:37,701 This is first Log
INFO 2025-11-22 16:08:37,701 <QuerySet [<Category: Electronic Gadgets>, <Category: Home Decorations>, <Category: Bike Accessories>, <Category: Fashion>]>
INFO 2025-11-22 16:09:21,714 This is first Log
INFO 2025-11-22 16:09:21,714 <QuerySet [<Category: Fashion>, <Category: Bike Accessories>, <Category: Electronic Gadgets>, <Category: Home Decorations>]>
INFO 2025-11-22 16:25:13,005 This is first Log
INFO 2025-11-22 16:25:13,005 <QuerySet [<Category: Home Decorations>, <Category: Fashion>, <Category: Bike Accessories>, <Category: Electronic Gadgets>]>
INFO 2025-11-22 16:25:20,107 This is first Log
INFO 2025-11-22 16:25:20,107 <QuerySet [<Category: Electronic Gadgets>, <Category: Home Decorations>, <Category: Fashion>, <Category: Bike Accessories>]>
INFO 2025-11-22 16:37:03,154 This is first Log
INFO 2025-11-22 16:37:03,155 <QuerySet [<Category: Home Decorations>, <Category: Electronic Gadgets>, <Category: Bike Accessories>, <Category: Fashion>]>
INFO 2025-11-22 16:38:54,107 This is first Log
INFO 2025-11-22 16:38:54,107 <QuerySet [<Category: Bike Accessories>, <Category: Fashion>, <Category: Electronic Gadgets>, <Category: Home Decorations>]>
INFO 2025-11-22 18:48:20,389 This is first Log
INFO 2025-11-22 18:48:20,390 <QuerySet [<Category: Electronic Gadgets>, <Category: Fashion>, <Category: Bike Accessories>, <Category: Home Decorations>]>
INFO 2025-11-22 19:04:01,304 This is first Log
INFO 2025-11-22 19:04:01,304 <QuerySet [<Category: Electronic Gadgets>, <Category: Bike Accessories>, <Category: Fashion>, <Category: Home Decorations>]>
INFO 2025-11-22 19:46:03,784 This is first Log
INFO 2025-11-22 19:46:03,785 <QuerySet [<Category: Fashion>, <Category: Electronic Gadgets>, <Category: Bike Accessories>, <Category: Home Decorations>]>
INFO 2025-11-22 19:46:11,261 This is first Log
INFO 2025-11-22 19:46:11,262 <QuerySet [<Category: Fashion>, <Category: Bike Accessories>, <Category: Electronic Gadgets>, <Category: Home Decorations>]>
INFO 2025-11-22 19:49:24,728 This is first Log
INFO 2025-11-22 19:49:24,729 <QuerySet [<Category: Fashion>, <Category: Bike Accessories>, <Category: Electronic Gadgets>, <Category: Home Decorations>]>
INFO 2025-11-22 19:51:28,805 This is first Log
INFO 2025-11-22 19:51:28,805 <QuerySet [<Category: Fashion>, <Category: Electronic Gadgets>, <Category: Bike Accessories>, <Category: Home Decorations>]>
INFO 2025-11-22 19:56:43,388 This is first Log
INFO 2025-11-22 19:56:43,389 <QuerySet [<Category: Home Decorations>, <Category: Electronic Gadgets>, <Category: Bike Accessories>, <Category: Fashion>]>
INFO 2025-11-22 19:57:45,603 This is first Log
INFO 2025-11-22 19:57:45,603 <QuerySet [<Category: Home Decorations>, <Category: Bike Accessories>, <Category: Electronic Gadgets>, <Category: Fashion>]>
INFO 2025-11-22 20:07:22,884 This is first Log
INFO 2025-11-22 20:07:22,885 <QuerySet [<Category: Fashion>, <Category: Bike Accessories>, <Category: Home Decorations>, <Category: Electronic Gadgets>]>
INFO 2025-11-22 20:07:29,008 This is first Log
INFO 2025-11-22 20:07:29,008 <QuerySet [<Category: Electronic Gadgets>, <Category: Bike Accessories>, <Category: Fashion>, <Category: Home Decorations>]>
INFO 2025-11-22 20:07:50,379 This is first Log
INFO 2025-11-22 20:07:50,379 <QuerySet [<Category: Electronic Gadgets>, <Category: Home Decorations>, <Category: Bike Accessories>, <Category: Fashion>]>
INFO 2025-11-22 20:08:30,883 This is first Log
INFO 2025-11-22 20:08:30,884 <QuerySet [<Category: Bike Accessories>, <Category: Home Decorations>, <Category: Fashion>, <Category: Electronic Gadgets>]>
INFO 2025-11-22 20:28:09,148 This is first Log
INFO 2025-11-22 20:28:09,149 <QuerySet [<Category: Fashion>, <Category: Electronic Gadgets>, <Category: Bike Accessories>, <Category: Home Decorations>]>
INFO 2025-11-22 20:40:33,263 This is first Log
INFO 2025-11-22 20:40:33,264 <QuerySet [<Category: Fashion>, <Category: Bike Accessories>, <Category: Home Decorations>, <Category: Electronic Gadgets>]>
INFO 2025-11-22 20:43:24,165 This is first Log
INFO 2025-11-22 20:43:24,165 <QuerySet [<Category: Fashion>, <Category: Home Decorations>, <Category: Electronic Gadgets>, <Category: Bike Accessories>]>
INFO 2025-11-22 20:46:04,404 This is first Log
INFO 2025-11-22 20:46:04,405 <QuerySet [<Category: Home Decorations>, <Category: Bike Accessories>, <Category: Electronic Gadgets>, <Category: Fashion>]>
INFO 2025-11-23 21:55:21,892 This is first Log
INFO 2025-11-23 21:55:21,893 <QuerySet [<Category: Home Decorations>, <Category: Fashion>, <Category: Bike Accessories>, <Category: Electronic Gadgets>]>
INFO 2025-11-23 21:55:25,011 This is first Log
INFO 2025-11-23 21:55:25,011 <QuerySet [<Category: Electronic Gadgets>, <Category: Fashion>, <Category: Bike Accessories>, <Category: Home Decorations>]>
INFO 2025-11-23 21:55:37,853 This is first Log
INFO 2025-11-23 21:55:37,854 <QuerySet [<Category: Bike Accessories>, <Category: Electronic Gadgets>, <Category: Fashion>, <Category: Home Decorations>]>
INFO 2025-11-23 21:57:25,284 This is first Log
INFO 2025-11-23 21:57:25,285 <QuerySet [<Category: Fashion>, <Category: Home Decorations>, <Category: Electronic Gadgets>, <Category: Bike Accessories>]>
INFO 2025-11-23 22:15:10,792 This is first Log
INFO 2025-11-23 22:15:10,793 <QuerySet [<Category: Electronic Gadgets>, <Category: Bike Accessories>, <Category: Home Decorations>, <Category: Fashion>]>
INFO 2025-11-23 22:15:31,152 This is first Log
INFO 2025-11-23 22:15:31,153 <QuerySet [<Category: Bike Accessories>, <Category: Fashion>, <Category: Electronic Gadgets>, <Category: Home Decorations>]>
INFO 2025-11-23 22:16:14,891 This is first Log
INFO 2025-11-23 22:16:14,893 <QuerySet [<Category: Electronic Gadgets>, <Category: Fashion>, <Category: Bike Accessories>, <Category: Home Decorations>]>
INFO 2025-11-23 22:16:21,981 This is first Log
INFO 2025-11-23 22:16:21,981 <QuerySet [<Category: Electronic Gadgets>, <Category: Bike Accessories>, <Category: Home Decorations>, <Category: Fashion>]>
INFO 2025-11-23 22:20:59,123 This is first Log
INFO 2025-11-23 22:20:59,123 <QuerySet [<Category: Home Decorations>, <Category: Bike Accessories>, <Category: Fashion>, <Category: Electronic Gadgets>]>
INFO 2025-11-23 22:23:27,945 This is first Log
INFO 2025-11-23 22:23:27,946 <QuerySet [<Category: Home Decorations>, <Category: Electronic Gadgets>, <Category: Bike Accessories>, <Category: Fashion>]>
INFO 2025-11-23 22:29:43,300 This is first Log
INFO 2025-11-23 22:29:43,301 <QuerySet [<Category: Fashion>, <Category: Home Decorations>, <Category: Bike Accessories>, <Category: Electronic Gadgets>]>
INFO 2025-11-23 22:29:46,205 This is first Log
INFO 2025-11-23 22:29:46,206 <QuerySet [<Category: Fashion>, <Category: Bike Accessories>, <Category: Electronic Gadgets>, <Category: Home Decorations>]>
INFO 2025-11-23 22:38:01,987 This is first Log
INFO 2025-11-23 22:38:01,988 <QuerySet [<Category: Fashion>, <Category: Bike Accessories>, <Category: Electronic Gadgets>, <Category: Home Decorations>]>
INFO 2025-11-23 22:39:16,447 This is first Log
INFO 2025-11-23 22:39:16,447 <QuerySet [<Category: Fashion>, <Category: Home Decorations>, <Category: Bike Accessories>, <Category: Electronic Gadgets>]>
INFO 2025-11-23 22:43:23,227 This is first Log
INFO 2025-11-23 22:43:23,227 <QuerySet [<Category: Home Decorations>, <Category: Electronic Gadgets>, <Category: Bike Accessories>, <Category: Fashion>]>
INFO 2025-11-23 22:53:42,720 This is first Log
INFO 2025-11-23 22:54:41,637 This is first Log
INFO 2025-11-23 22:54:57,663 This is first Log
INFO 2025-11-23 22:55:01,166 This is first Log
INFO 2025-11-23 22:56:35,412 This is first Log
INFO 2025-11-23 22:57:53,868 This is first Log
INFO 2025-11-23 23:03:11,274 This is first Log
INFO 2025-11-23 23:05:23,733 This is first Log
INFO 2025-11-23 23:05:50,722 This is first Log
INFO 2025-11-23 23:05:53,678 This is first Log
INFO 2025-11-23 23:05:55,232 This is first Log
INFO 2025-11-23 23:06:25,988 This is first Log
INFO 2025-11-23 23:07:42,387 This is first Log
INFO 2025-11-23 23:07:44,215 This is first Log
INFO 2025-11-23 23:08:12,305 This is first Log
INFO 2025-11-23 23:08:28,752 This is first Log
INFO 2025-11-23 23:08:47,830 This is first Log
INFO 2025-11-23 23:09:44,398 This is first Log
INFO 2025-11-23 23:09:51,131 This is first Log
INFO 2025-11-23 23:12:52,377 This is first Log
INFO 2025-11-23 23:15:45,089 This is first Log
INFO 2025-11-23 23:16:31,515 This is first Log
INFO 2025-11-23 23:16:36,014 This is first Log
INFO 2025-11-23 23:16:51,897 This is first Log
INFO 2025-11-23 23:16:59,088 This is first Log
INFO 2025-11-23 23:17:04,635 This is first Log
INFO 2025-11-23 23:17:47,674 This is first Log
INFO 2025-11-23 23:19:54,100 This is first Log
INFO 2025-11-23 23:20:06,765 This is first Log
INFO 2025-11-23 23:20:42,063 This is first Log
INFO 2025-11-23 23:21:43,529 This is first Log
INFO 2025-11-23 23:33:33,815 This is first Log
INFO 2025-11-23 23:33:39,649 This is first Log
INFO 2025-11-23 23:33:52,049 This is first Log
INFO 2025-11-23 23:40:47,341 This is first Log
INFO 2025-11-25 11:14:17,802 This is first Log
INFO 2025-11-25 11:23:13,955 This is first Log
INFO 2025-11-25 11:23:32,991 This is first Log
INFO 2025-11-25 11:26:01,454 This is first Log
INFO 2025-11-25 11:27:05,065 This is first Log
INFO 2025-11-25 11:53:40,433 This is first Log
INFO 2025-11-25 11:54:18,555 This is first Log
INFO 2025-11-25 12:07:11,007 This is first Log
INFO 2025-11-25 12:08:17,033 This is first Log
INFO 2025-11-25 12:09:11,425 This is first Log
INFO 2025-11-25 12:30:28,842 This is first Log
INFO 2025-11-25 12:30:38,210 This is first Log
INFO 2025-11-25 12:30:43,357 This is first Log
INFO 2025-11-25 12:30:50,007 This is first Log
INFO 2025-11-25 12:30:57,110 This is first Log
INFO 2025-11-25 12:31:27,276 This is first Log
INFO 2025-11-25 12:31:56,060 This is first Log
INFO 2025-11-25 12:34:27,047 This is first Log
INFO 2025-11-25 12:35:14,377 This is first Log
INFO 2025-11-25 12:37:27,382 This is first Log
INFO 2025-11-25 19:56:54,448 This is first Log
INFO 2025-11-25 19:57:55,071 This is first Log
INFO 2025-11-26 09:59:58,287 This is first Log
INFO 2025-11-26 10:00:10,194 This is first Log
INFO 2025-11-26 10:31:14,995 This is first Log
INFO 2025-11-28 09:29:56,500 This is first Log
INFO 2025-11-28 11:53:25,402 This is first Log
INFO 2025-11-28 11:53:28,789 This is first Log
INFO 2025-11-28 11:54:43,438 This is first Log
INFO 2025-11-28 11:54:45,897 This is first Log
INFO 2025-11-28 11:56:08,469 This is first Log
INFO 2025-11-28 12:01:07,022 This is first Log
INFO 2025-11-28 12:01:59,876 This is first Log
INFO 2025-11-28 12:02:23,391 This is first Log
INFO 2025-11-28 12:02:34,943 This is first Log
INFO 2025-11-28 12:04:29,308 This is first Log
INFO 2025-11-28 12:04:56,329 This is first Log
INFO 2025-11-28 12:05:28,875 This is first Log
INFO 2025-11-28 12:06:20,994 This is first Log
INFO 2025-11-28 12:07:51,840 This is first Log
INFO 2025-11-28 12:11:07,032 This is first Log
INFO 2025-11-28 12:11:32,999 This is first Log
INFO 2025-11-28 12:12:27,514 This is first Log
INFO 2025-11-28 12:13:05,581 This is first Log
INFO 2025-11-28 12:13:20,127 This is first Log
INFO 2025-11-28 12:16:31,587 This is first Log
INFO 2025-11-28 12:16:43,938 This is first Log
INFO 2025-11-28 12:17:09,488 This is first Log
INFO 2025-11-28 12:18:27,492 This is first Log
INFO 2025-11-28 12:19:26,665 This is first Log
INFO 2025-11-28 12:19:43,942 This is first Log
INFO 2025-11-28 12:19:49,417 This is first Log
INFO 2025-11-28 12:20:09,302 This is first Log
INFO 2025-11-28 12:20:23,592 This is first Log
INFO 2025-11-28 12:21:21,664 This is first Log
INFO 2025-11-28 12:22:04,726 This is first Log
INFO 2025-11-28 12:22:28,663 This is first Log
INFO 2025-11-28 12:23:36,154 This is first Log
INFO 2025-11-28 12:24:00,452 This is first Log
INFO 2025-11-28 12:28:14,022 This is first Log
INFO 2025-11-28 12:28:24,167 This is first Log
INFO 2025-11-28 12:28:31,727 This is first Log
INFO 2025-11-28 12:28:49,252 This is first Log
INFO 2025-11-28 12:31:29,805 This is first Log
INFO 2025-11-28 12:31:44,138 This is first Log
INFO 2025-11-28 12:32:05,492 This is first Log
INFO 2025-11-28 12:32:11,751 This is first Log
INFO 2025-11-28 12:32:17,276 This is first Log
INFO 2025-11-28 12:32:22,666 This is first Log
INFO 2025-11-28 12:32:28,013 This is first Log
INFO 2025-11-28 12:32:49,248 This is first Log
INFO 2025-11-28 22:03:15,154 This is first Log
INFO 2025-11-28 22:03:25,433 This is first Log
INFO 2025-11-28 22:06:02,434 This is first Log
INFO 2025-11-28 22:06:28,201 This is first Log
INFO 2025-11-28 22:06:32,866 This is first Log
INFO 2025-11-28 22:06:42,840 This is first Log
INFO 2025-11-28 22:06:58,929 This is first Log
INFO 2025-11-28 22:07:20,055 This is first Log
INFO 2025-11-28 22:11:18,748 This is first Log
INFO 2025-11-28 22:11:34,815 This is first Log
INFO 2025-11-28 22:22:43,510 This is first Log
INFO 2025-11-28 23:50:39,061 This is first Log
INFO 2025-11-28 23:51:04,278 This is first Log
INFO 2025-11-28 23:51:05,947 This is first Log
INFO 2025-11-28 23:52:16,936 This is first Log
INFO 2025-11-28 23:52:27,744 This is first Log
INFO 2025-11-28 23:52:59,150 This is first Log
INFO 2025-11-28 23:56:07,953 This is first Log
INFO 2025-11-28 23:56:27,093 This is first Log
INFO 2025-11-28 23:58:20,829 This is first Log
INFO 2025-11-29 00:02:54,821 This is first Log
INFO 2025-11-29 00:03:03,825 This is first Log
INFO 2025-11-29 10:43:07,926 This is first Log
INFO 2025-11-29 10:45:03,637 This is first Log
INFO 2025-11-29 10:47:15,441 This is first Log
INFO 2025-11-29 10:48:15,780 This is first Log
INFO 2025-11-29 10:48:57,296 This is first Log
INFO 2025-11-29 10:49:06,028 This is first Log
INFO 2025-11-29 10:49:15,710 This is first Log
INFO 2025-11-29 10:49:25,426 This is first Log
INFO 2025-11-29 10:49:57,760 This is first Log
INFO 2025-11-29 10:50:30,862 This is first Log
INFO 2025-11-29 10:51:37,471 This is first Log
INFO 2025-11-29 10:53:25,345 This is first Log
INFO 2025-11-29 10:53:27,587 This is first Log
INFO 2025-11-29 10:53:29,162 This is first Log
INFO 2025-11-29 10:53:29,999 This is first Log
INFO 2025-11-29 10:53:30,564 This is first Log
INFO 2025-11-29 10:53:31,018 This is first Log
INFO 2025-11-29 10:53:31,306 This is first Log
INFO 2025-11-29 10:53:31,540 This is first Log
INFO 2025-11-29 10:53:31,673 This is first Log
INFO 2025-11-29 10:53:31,779 This is first Log
INFO 2025-11-29 10:53:31,968 This is first Log
INFO 2025-11-29 10:53:32,091 This is first Log
INFO 2025-11-29 10:53:32,227 This is first Log
INFO 2025-11-29 10:53:32,378 This is first Log
INFO 2025-11-29 10:53:32,549 This is first Log
INFO 2025-11-29 10:53:32,827 This is first Log
INFO 2025-11-29 10:53:33,036 This is first Log
INFO 2025-11-29 10:53:33,274 This is first Log
INFO 2025-11-29 10:53:33,435 This is first Log
INFO 2025-11-29 10:53:33,604 This is first Log
INFO 2025-11-29 10:53:33,973 This is first Log
INFO 2025-11-29 10:53:34,289 This is first Log
INFO 2025-11-29 10:53:34,545 This is first Log
INFO 2025-11-29 10:53:34,685 This is first Log
INFO 2025-11-29 10:53:34,843 This is first Log
INFO 2025-11-29 10:53:35,119 This is first Log
INFO 2025-11-29 10:53:36,830 This is first Log
INFO 2025-11-29 10:53:37,012 This is first Log
INFO 2025-11-29 10:53:37,193 This is first Log
INFO 2025-11-29 10:53:37,337 This is first Log
INFO 2025-11-29 10:53:37,736 This is first Log
INFO 2025-11-29 10:53:37,900 This is first Log
INFO 2025-11-29 10:53:38,046 This is first Log
INFO 2025-11-29 10:53:38,185 This is first Log
INFO 2025-11-29 10:53:38,367 This is first Log
INFO 2025-11-29 10:53:38,783 This is first Log
INFO 2025-11-29 10:53:38,966 This is first Log
INFO 2025-11-29 10:53:39,126 This is first Log
INFO 2025-11-29 10:53:39,270 This is first Log
INFO 2025-11-29 10:53:39,420 This is first Log
INFO 2025-11-29 10:53:39,606 This is first Log
INFO 2025-11-29 10:53:40,011 This is first Log
INFO 2025-11-29 10:53:40,355 This is first Log
INFO 2025-11-29 10:53:40,645 This is first Log
INFO 2025-11-29 10:53:40,841 This is first Log
INFO 2025-11-29 10:55:00,819 This is first Log
INFO 2025-11-29 10:56:08,179 This is first Log
INFO 2025-11-29 11:00:52,920 This is first Log
INFO 2025-11-29 11:06:15,626 This is first Log
INFO 2025-11-29 11:06:18,343 This is first Log
INFO 2025-11-29 11:35:16,158 This is first Log
INFO 2025-11-29 11:35:55,860 This is first Log
INFO 2025-11-29 11:50:02,639 This is first Log
INFO 2025-11-29 11:50:08,352 This is first Log
INFO 2025-11-29 11:52:29,097 This is first Log
INFO 2025-11-29 11:57:21,002 This is first Log
INFO 2025-11-29 11:58:05,515 This is first Log
INFO 2025-11-29 12:02:15,894 This is first Log
INFO 2025-11-29 12:13:25,919 This is first Log
INFO 2025-11-29 12:16:04,003 This is first Log
INFO 2025-11-29 12:30:30,597 This is first Log
INFO 2025-11-29 12:31:42,782 This is first Log
INFO 2025-11-29 12:32:37,904 This is first Log
INFO 2025-11-29 12:33:27,222 This is first Log
INFO 2025-11-29 12:33:33,997 This is first Log
INFO 2025-11-29 12:33:46,851 This is first Log
INFO 2025-11-29 12:34:11,621 This is first Log
INFO 2025-11-29 12:34:19,578 This is first Log
INFO 2025-11-29 15:52:42,894 This is first Log
INFO 2025-11-29 16:02:27,996 This is first Log
INFO 2025-11-29 16:02:31,508 This is first Log
INFO 2025-11-29 16:02:34,647 This is first Log
INFO 2025-11-29 16:02:38,872 This is first Log
INFO 2025-11-29 16:41:03,350 This is first Log
INFO 2025-11-29 16:41:24,255 This is first Log
INFO 2025-11-29 16:41:36,255 This is first Log
INFO 2025-11-29 17:00:11,359 This is first Log
INFO 2025-11-29 17:05:16,605 This is first Log
INFO 2025-11-29 17:07:57,717 This is first Log
INFO 2025-11-29 17:08:01,105 This is first Log
INFO 2025-11-29 17:08:09,638 This is first Log
INFO 2025-11-29 17:08:52,879 This is first Log
INFO 2025-11-29 17:08:58,724 This is first Log
INFO 2025-11-29 17:09:22,889 This is first Log
INFO 2025-11-29 17:09:31,514 This is first Log
INFO 2025-11-29 17:09:56,546 This is first Log
INFO 2025-11-29 17:10:07,882 This is first Log
INFO 2025-11-29 17:16:56,784 This is first Log
INFO 2025-11-29 17:17:03,686 This is first Log
INFO 2025-11-29 17:17:43,535 This is first Log
INFO 2025-11-29 17:17:55,199 This is first Log
INFO 2025-11-29 17:17:57,743 This is first Log
INFO 2025-11-29 17:18:31,626 This is first Log
INFO 2025-11-29 17:21:38,269 This is first Log
INFO 2025-11-29 17:21:47,506 This is first Log
INFO 2025-11-29 17:24:37,818 This is first Log
INFO 2025-11-29 18:12:27,900 This is first Log
INFO 2025-11-29 18:14:11,256 This is first Log
INFO 2025-11-29 18:25:52,766 This is first Log
INFO 2025-11-29 18:26:18,777 This is first Log
INFO 2025-11-29 18:26:35,952 This is first Log
INFO 2025-11-29 18:27:07,178 This is first Log
INFO 2025-11-29 18:28:09,825 This is first Log
INFO 2025-11-29 18:46:40,860 This is first Log
INFO 2025-11-29 18:48:28,435 This is first Log
INFO 2025-11-29 18:52:51,485 This is first Log
INFO 2025-11-29 18:53:14,796 This is first Log
INFO 2025-11-29 18:53:20,339 This is first Log
INFO 2025-11-29 19:59:12,680 This is first Log
INFO 2025-11-29 19:59:29,212 This is first Log
INFO 2025-11-29 20:00:28,839 This is first Log
INFO 2025-11-29 20:01:04,897 This is first Log
INFO 2025-11-29 20:02:26,946 This is first Log
INFO 2025-11-29 20:03:08,688 This is first Log
INFO 2025-11-29 20:04:45,769 This is first Log
INFO 2025-11-29 20:05:03,909 This is first Log
INFO 2025-11-29 20:36:36,726 This is first Log
INFO 2025-11-29 20:36:49,877 This is first Log
INFO 2025-11-29 20:36:53,141 This is first Log
INFO 2025-11-29 20:37:13,182 This is first Log
INFO 2025-11-29 20:37:39,330 This is first Log
INFO 2025-11-29 20:37:55,568 This is first Log
INFO 2025-11-29 20:38:02,003 This is first Log
INFO 2025-11-29 20:41:18,319 This is first Log
INFO 2025-11-29 20:41:28,109 This is first Log
INFO 2025-11-29 20:41:39,425 This is first Log
INFO 2025-11-29 20:41:42,350 This is first Log
INFO 2025-11-29 20:42:13,897 This is first Log
INFO 2025-11-29 20:42:30,354 This is first Log
INFO 2025-11-29 20:42:38,509 This is first Log
INFO 2025-11-29 20:42:55,390 This is first Log
INFO 2025-11-29 20:43:09,076 This is first Log
INFO 2025-11-29 20:43:17,733 This is first Log
INFO 2025-11-29 21:38:37,317 This is first Log
INFO 2025-11-29 21:42:32,470 This is first Log
INFO 2025-11-29 21:44:13,607 This is first Log
INFO 2025-11-29 21:44:18,981 This is first Log
INFO 2025-11-29 21:44:26,939 This is first Log
INFO 2025-11-29 21:45:45,997 This is first Log
INFO 2025-11-29 21:45:54,253 This is first Log
INFO 2025-11-29 21:46:09,757 This is first Log
INFO 2025-11-29 21:47:23,902 This is first Log
INFO 2025-11-29 21:47:34,716 This is first Log
INFO 2025-11-29 21:47:39,352 This is first Log
INFO 2025-11-29 21:47:44,115 This is first Log
INFO 2025-11-29 21:51:08,291 This is first Log
INFO 2025-11-29 21:51:19,499 This is first Log
INFO 2025-11-29 21:52:04,349 This is first Log
INFO 2025-11-29 21:52:50,780 This is first Log
INFO 2025-11-29 21:52:56,664 This is first Log
INFO 2025-11-29 21:53:01,331 This is first Log
INFO 2025-11-29 21:53:45,808 This is first Log
INFO 2025-11-29 21:54:19,293 This is first Log
INFO 2025-11-29 21:54:47,127 This is first Log
INFO 2025-11-29 21:55:01,268 This is first Log
INFO 2025-11-29 21:55:29,926 This is first Log
INFO 2025-11-29 21:55:48,428 This is first Log
INFO 2025-11-29 22:00:44,521 This is first Log
INFO 2025-11-29 22:02:36,641 This is first Log
INFO 2025-11-29 22:04:54,430 This is first Log
INFO 2025-11-29 22:06:20,649 This is first Log
INFO 2025-11-29 22:06:25,445 This is first Log
INFO 2025-11-29 22:06:39,814 This is first Log
INFO 2025-11-29 22:10:32,307 This is first Log
INFO 2025-11-29 22:10:38,261 This is first Log
INFO 2025-11-29 22:10:42,289 This is first Log
INFO 2025-11-29 22:11:12,302 This is first Log
INFO 2025-11-29 22:11:38,379 This is first Log
INFO 2025-11-29 22:11:54,691 This is first Log
INFO 2025-11-29 22:12:05,818 This is first Log
INFO 2025-11-29 22:12:18,120 This is first Log
INFO 2025-11-29 22:12:27,697 This is first Log
INFO 2025-11-29 22:12:33,620 This is first Log
INFO 2025-11-29 22:13:54,487 This is first Log
INFO 2025-11-29 22:14:04,651 This is first Log
INFO 2025-11-29 22:14:08,176 This is first Log
INFO 2025-11-30 21:55:30,021 This is first Log
INFO 2025-11-30 21:55:37,909 This is first Log
INFO 2025-11-30 22:13:24,359 This is first Log
INFO 2025-11-30 22:14:08,577 This is first Log
INFO 2025-11-30 22:15:39,601 This is first Log
INFO 2025-11-30 22:15:58,995 This is first Log
INFO 2025-11-30 22:16:50,256 This is first Log
INFO 2025-11-30 22:19:19,533 This is first Log
INFO 2025-11-30 22:19:31,350 This is first Log
INFO 2025-11-30 22:20:05,702 This is first Log
INFO 2025-11-30 22:20:10,575 This is first Log
INFO 2025-11-30 22:21:32,531 This is first Log
INFO 2025-11-30 22:23:18,918 This is first Log
INFO 2025-11-30 22:24:12,534 This is first Log
INFO 2025-11-30 22:24:50,642 This is first Log
INFO 2025-11-30 22:26:36,085 This is first Log
INFO 2025-11-30 22:26:46,673 This is first Log
INFO 2025-11-30 22:26:57,115 This is first Log
INFO 2025-11-30 22:27:04,493 This is first Log
INFO 2025-11-30 22:27:16,372 This is first Log
INFO 2025-11-30 22:27:26,249 This is first Log
INFO 2025-11-30 22:27:46,051 This is first Log
INFO 2025-11-30 22:28:47,700 This is first Log
INFO 2025-11-30 22:32:58,017 This is first Log
INFO 2025-11-30 22:33:06,370 This is first Log
INFO 2025-11-30 22:33:42,502 This is first Log
INFO 2025-11-30 22:34:09,611 This is first Log
INFO 2025-11-30 22:34:18,923 This is first Log
INFO 2025-11-30 22:59:21,121 This is first Log
INFO 2025-11-30 23:00:16,571 This is first Log
INFO 2025-11-30 23:00:28,333 This is first Log
INFO 2025-11-30 23:00:34,887 This is first Log
INFO 2025-11-30 23:04:51,388 This is first Log
INFO 2025-11-30 23:14:06,252 This is first Log
INFO 2025-11-30 23:18:51,560 This is first Log
INFO 2025-11-30 23:19:26,037 This is first Log
